生成启动时间为 2019/12/1 14:06:56。
     1>项目“F:\visual studio\newbigchar\BigCharPrinter\BigCharPrinter.vcxproj”在节点 2 上(build 个目标)。
     1>InitializeBuildStatus:
         正在创建“Debug\BigCharPrinter.unsuccessfulbuild”，因为已指定“AlwaysCreate”。
       ClCompile:
         所有输出均为最新。
         D:\Program Files (x86)\Microsoft Visual Studio 10.0\VC\bin\CL.exe /c /ZI /nologo /W3 /WX- /Od /Oy- /D WIN32 /D _WINDOWS /D _DEBUG /D _UNICODE /D UNICODE /Gm /EHsc /RTC1 /MTd /GS /fp:precise /Zc:wchar_t /Zc:forScope /Yu"StdAfx.h" /Fp"Debug\BigCharPrinter.pch" /Fo"Debug\\" /Fd"Debug\vc100.pdb" /Gd /TP /analyze- /errorReport:prompt BigCharPrinter.cpp BigCharPrinterDoc.cpp BigCharPrinterView.cpp DiaClassSetting.cpp DiaCounter.cpp DiaCustomIcon.cpp DiaMouthClean.cpp DiaPrintControl.cpp DiaPrintEdit.cpp DiaPrintParam.cpp DiaSystemSetting.cpp LeftView.cpp MainFrm.cpp OutputWnd.cpp
         DiaPrintEdit.cpp
         正在生成代码...
         正在编译...
         OutputWnd.cpp
         MainFrm.cpp
     1>f:\visual studio\newbigchar\bigcharprinter\mainfrm.cpp(51): warning C4101: “bNameValid”: 未引用的局部变量
         LeftView.cpp
         DiaSystemSetting.cpp
         DiaPrintParam.cpp
         DiaPrintControl.cpp
         DiaMouthClean.cpp
         DiaCustomIcon.cpp
         DiaCounter.cpp
         DiaClassSetting.cpp
         BigCharPrinterView.cpp
         BigCharPrinterDoc.cpp
         BigCharPrinter.cpp
         正在生成代码...
       ResourceCompile:
         C:\Program Files (x86)\Microsoft SDKs\Windows\v7.0A\bin\rc.exe /D _DEBUG /D _UNICODE /D UNICODE /l"0x0804" /IDebug\ /nologo /fo"Debug\BigCharPrinter.res" BigCharPrinter.rc 
       ManifestResourceCompile:
         所有输出均为最新。
       Link:
         D:\Program Files (x86)\Microsoft Visual Studio 10.0\VC\bin\link.exe /ERRORREPORT:PROMPT /OUT:"F:\visual studio\newbigchar\BigCharPrinter\Debug\BigCharPrinter.exe" /INCREMENTAL /NOLOGO /MANIFEST /ManifestFile:"Debug\BigCharPrinter.exe.intermediate.manifest" /MANIFESTUAC:"level='asInvoker' uiAccess='false'" /DEBUG /PDB:"F:\visual studio\newbigchar\BigCharPrinter\Debug\BigCharPrinter.pdb" /SUBSYSTEM:WINDOWS /TLBID:1 /ENTRY:"wWinMainCRTStartup" /DYNAMICBASE /NXCOMPAT /IMPLIB:"F:\visual studio\newbigchar\BigCharPrinter\Debug\BigCharPrinter.lib" /MACHINE:X86 Debug\BigCharPrinter.res
         Debug\BigCharPrinter.exe.embed.manifest.res
         Debug\BCMenu.obj
         Debug\BigCharPrinter.obj
         Debug\BigCharPrinterDoc.obj
         Debug\BigCharPrinterView.obj
         Debug\BtnST.obj
         Debug\DiaClassSetting.obj
         Debug\DiaCounter.obj
         Debug\DiaCustomIcon.obj
         Debug\DiaMouthClean.obj
         Debug\DiaPrintControl.obj
         Debug\DiaPrintEdit.obj
         Debug\DiaPrintParam.obj
         Debug\DiaSystemSetting.obj
         Debug\LeftView.obj
         Debug\MainFrm.obj
         Debug\OutputWnd.obj
         Debug\stdafx.obj
       Manifest:
         C:\Program Files (x86)\Microsoft SDKs\Windows\v7.0A\bin\mt.exe /nologo /verbose /out:"Debug\BigCharPrinter.exe.embed.manifest" /manifest Debug\BigCharPrinter.exe.intermediate.manifest "D:\Program Files (x86)\Microsoft Visual Studio 10.0\VC\Include\Manifest\dpiaware.manifest"
         所有输出均为最新。
       LinkEmbedManifest:
         所有输出均为最新。
         BigCharPrinter.vcxproj -> F:\visual studio\newbigchar\BigCharPrinter\Debug\BigCharPrinter.exe
       FinalizeBuildStatus:
         正在删除文件“Debug\BigCharPrinter.unsuccessfulbuild”。
         正在对“Debug\BigCharPrinter.lastbuildstate”执行 Touch 任务。
     1>已完成生成项目“F:\visual studio\newbigchar\BigCharPrinter\BigCharPrinter.vcxproj”(build 个目标)的操作。

生成成功。

已用时间 00:00:16.49
